0 info it worked if it ends with ok
1 verbose cli [ '/home/lebo/.nvm/versions/node/v6.1.0/bin/node',
1 verbose cli   '/home/lebo/.nvm/versions/node/v6.1.0/bin/npm',
1 verbose cli   'install' ]
2 info using npm@3.8.6
3 info using node@v6.1.0
4 silly loadCurrentTree Starting
5 silly install loadCurrentTree
6 silly install readLocalPackageData
7 silly install normalizeTree
8 silly loadCurrentTree Finishing
9 silly loadIdealTree Starting
10 silly install loadIdealTree
11 silly cloneCurrentTree Starting
12 silly install cloneCurrentTreeToIdealTree
13 silly cloneCurrentTree Finishing
14 silly loadShrinkwrap Starting
15 silly install loadShrinkwrap
16 silly loadShrinkwrap Finishing
17 silly loadAllDepsIntoIdealTree Starting
18 silly install loadAllDepsIntoIdealTree
19 silly fetchNamedPackageData async
20 silly mapToRegistry name async
21 silly mapToRegistry using default registry
22 silly mapToRegistry registry https://registry.npmjs.org/
23 silly mapToRegistry data Result {
23 silly mapToRegistry   raw: 'async',
23 silly mapToRegistry   scope: null,
23 silly mapToRegistry   name: 'async',
23 silly mapToRegistry   rawSpec: '',
23 silly mapToRegistry   spec: 'latest',
23 silly mapToRegistry   type: 'tag' }
24 silly mapToRegistry uri https://registry.npmjs.org/async
25 silly fetchNamedPackageData bip38
26 silly mapToRegistry name bip38
27 silly mapToRegistry using default registry
28 silly mapToRegistry registry https://registry.npmjs.org/
29 silly mapToRegistry data Result {
29 silly mapToRegistry   raw: 'bip38',
29 silly mapToRegistry   scope: null,
29 silly mapToRegistry   name: 'bip38',
29 silly mapToRegistry   rawSpec: '',
29 silly mapToRegistry   spec: 'latest',
29 silly mapToRegistry   type: 'tag' }
30 silly mapToRegistry uri https://registry.npmjs.org/bip38
31 silly fetchNamedPackageData bitcore-lib
32 silly mapToRegistry name bitcore-lib
33 silly mapToRegistry using default registry
34 silly mapToRegistry registry https://registry.npmjs.org/
35 silly mapToRegistry data Result {
35 silly mapToRegistry   raw: 'bitcore-lib',
35 silly mapToRegistry   scope: null,
35 silly mapToRegistry   name: 'bitcore-lib',
35 silly mapToRegistry   rawSpec: '',
35 silly mapToRegistry   spec: 'latest',
35 silly mapToRegistry   type: 'tag' }
36 silly mapToRegistry uri https://registry.npmjs.org/bitcore-lib
37 silly fetchNamedPackageData bitcore-mnemonic
38 silly mapToRegistry name bitcore-mnemonic
39 silly mapToRegistry using default registry
40 silly mapToRegistry registry https://registry.npmjs.org/
41 silly mapToRegistry data Result {
41 silly mapToRegistry   raw: 'bitcore-mnemonic',
41 silly mapToRegistry   scope: null,
41 silly mapToRegistry   name: 'bitcore-mnemonic',
41 silly mapToRegistry   rawSpec: '',
41 silly mapToRegistry   spec: 'latest',
41 silly mapToRegistry   type: 'tag' }
42 silly mapToRegistry uri https://registry.npmjs.org/bitcore-mnemonic
43 silly fetchNamedPackageData grunt
44 silly mapToRegistry name grunt
45 silly mapToRegistry using default registry
46 silly mapToRegistry registry https://registry.npmjs.org/
47 silly mapToRegistry data Result {
47 silly mapToRegistry   raw: 'grunt',
47 silly mapToRegistry   scope: null,
47 silly mapToRegistry   name: 'grunt',
47 silly mapToRegistry   rawSpec: '',
47 silly mapToRegistry   spec: 'latest',
47 silly mapToRegistry   type: 'tag' }
48 silly mapToRegistry uri https://registry.npmjs.org/grunt
49 silly fetchNamedPackageData grunt-angular-gettext
50 silly mapToRegistry name grunt-angular-gettext
51 silly mapToRegistry using default registry
52 silly mapToRegistry registry https://registry.npmjs.org/
53 silly mapToRegistry data Result {
53 silly mapToRegistry   raw: 'grunt-angular-gettext',
53 silly mapToRegistry   scope: null,
53 silly mapToRegistry   name: 'grunt-angular-gettext',
53 silly mapToRegistry   rawSpec: '',
53 silly mapToRegistry   spec: 'latest',
53 silly mapToRegistry   type: 'tag' }
54 silly mapToRegistry uri https://registry.npmjs.org/grunt-angular-gettext
55 silly fetchNamedPackageData grunt-browserify
56 silly mapToRegistry name grunt-browserify
57 silly mapToRegistry using default registry
58 silly mapToRegistry registry https://registry.npmjs.org/
59 silly mapToRegistry data Result {
59 silly mapToRegistry   raw: 'grunt-browserify',
59 silly mapToRegistry   scope: null,
59 silly mapToRegistry   name: 'grunt-browserify',
59 silly mapToRegistry   rawSpec: '',
59 silly mapToRegistry   spec: 'latest',
59 silly mapToRegistry   type: 'tag' }
60 silly mapToRegistry uri https://registry.npmjs.org/grunt-browserify
61 silly fetchNamedPackageData grunt-contrib-compress
62 silly mapToRegistry name grunt-contrib-compress
63 silly mapToRegistry using default registry
64 silly mapToRegistry registry https://registry.npmjs.org/
65 silly mapToRegistry data Result {
65 silly mapToRegistry   raw: 'grunt-contrib-compress',
65 silly mapToRegistry   scope: null,
65 silly mapToRegistry   name: 'grunt-contrib-compress',
65 silly mapToRegistry   rawSpec: '',
65 silly mapToRegistry   spec: 'latest',
65 silly mapToRegistry   type: 'tag' }
66 silly mapToRegistry uri https://registry.npmjs.org/grunt-contrib-compress
67 silly fetchNamedPackageData grunt-contrib-concat
68 silly mapToRegistry name grunt-contrib-concat
69 silly mapToRegistry using default registry
70 silly mapToRegistry registry https://registry.npmjs.org/
71 silly mapToRegistry data Result {
71 silly mapToRegistry   raw: 'grunt-contrib-concat',
71 silly mapToRegistry   scope: null,
71 silly mapToRegistry   name: 'grunt-contrib-concat',
71 silly mapToRegistry   rawSpec: '',
71 silly mapToRegistry   spec: 'latest',
71 silly mapToRegistry   type: 'tag' }
72 silly mapToRegistry uri https://registry.npmjs.org/grunt-contrib-concat
73 silly fetchNamedPackageData grunt-contrib-copy
74 silly mapToRegistry name grunt-contrib-copy
75 silly mapToRegistry using default registry
76 silly mapToRegistry registry https://registry.npmjs.org/
77 silly mapToRegistry data Result {
77 silly mapToRegistry   raw: 'grunt-contrib-copy',
77 silly mapToRegistry   scope: null,
77 silly mapToRegistry   name: 'grunt-contrib-copy',
77 silly mapToRegistry   rawSpec: '',
77 silly mapToRegistry   spec: 'latest',
77 silly mapToRegistry   type: 'tag' }
78 silly mapToRegistry uri https://registry.npmjs.org/grunt-contrib-copy
79 silly fetchNamedPackageData grunt-contrib-uglify
80 silly mapToRegistry name grunt-contrib-uglify
81 silly mapToRegistry using default registry
82 silly mapToRegistry registry https://registry.npmjs.org/
83 silly mapToRegistry data Result {
83 silly mapToRegistry   raw: 'grunt-contrib-uglify',
83 silly mapToRegistry   scope: null,
83 silly mapToRegistry   name: 'grunt-contrib-uglify',
83 silly mapToRegistry   rawSpec: '',
83 silly mapToRegistry   spec: 'latest',
83 silly mapToRegistry   type: 'tag' }
84 silly mapToRegistry uri https://registry.npmjs.org/grunt-contrib-uglify
85 silly fetchNamedPackageData grunt-contrib-watch
86 silly mapToRegistry name grunt-contrib-watch
87 silly mapToRegistry using default registry
88 silly mapToRegistry registry https://registry.npmjs.org/
89 silly mapToRegistry data Result {
89 silly mapToRegistry   raw: 'grunt-contrib-watch',
89 silly mapToRegistry   scope: null,
89 silly mapToRegistry   name: 'grunt-contrib-watch',
89 silly mapToRegistry   rawSpec: '',
89 silly mapToRegistry   spec: 'latest',
89 silly mapToRegistry   type: 'tag' }
90 silly mapToRegistry uri https://registry.npmjs.org/grunt-contrib-watch
91 silly fetchNamedPackageData grunt-exec
92 silly mapToRegistry name grunt-exec
93 silly mapToRegistry using default registry
94 silly mapToRegistry registry https://registry.npmjs.org/
95 silly mapToRegistry data Result {
95 silly mapToRegistry   raw: 'grunt-exec',
95 silly mapToRegistry   scope: null,
95 silly mapToRegistry   name: 'grunt-exec',
95 silly mapToRegistry   rawSpec: '',
95 silly mapToRegistry   spec: 'latest',
95 silly mapToRegistry   type: 'tag' }
96 silly mapToRegistry uri https://registry.npmjs.org/grunt-exec
97 silly fetchNamedPackageData jszip
98 silly mapToRegistry name jszip
99 silly mapToRegistry using default registry
100 silly mapToRegistry registry https://registry.npmjs.org/
101 silly mapToRegistry data Result {
101 silly mapToRegistry   raw: 'jszip',
101 silly mapToRegistry   scope: null,
101 silly mapToRegistry   name: 'jszip',
101 silly mapToRegistry   rawSpec: '',
101 silly mapToRegistry   spec: 'latest',
101 silly mapToRegistry   type: 'tag' }
102 silly mapToRegistry uri https://registry.npmjs.org/jszip
103 silly fetchNamedPackageData lodash
104 silly mapToRegistry name lodash
105 silly mapToRegistry using default registry
106 silly mapToRegistry registry https://registry.npmjs.org/
107 silly mapToRegistry data Result {
107 silly mapToRegistry   raw: 'lodash',
107 silly mapToRegistry   scope: null,
107 silly mapToRegistry   name: 'lodash',
107 silly mapToRegistry   rawSpec: '',
107 silly mapToRegistry   spec: 'latest',
107 silly mapToRegistry   type: 'tag' }
108 silly mapToRegistry uri https://registry.npmjs.org/lodash
109 silly fetchNamedPackageData moment
110 silly mapToRegistry name moment
111 silly mapToRegistry using default registry
112 silly mapToRegistry registry https://registry.npmjs.org/
113 silly mapToRegistry data Result {
113 silly mapToRegistry   raw: 'moment',
113 silly mapToRegistry   scope: null,
113 silly mapToRegistry   name: 'moment',
113 silly mapToRegistry   rawSpec: '',
113 silly mapToRegistry   spec: 'latest',
113 silly mapToRegistry   type: 'tag' }
114 silly mapToRegistry uri https://registry.npmjs.org/moment
115 silly fetchNamedPackageData preconditions
116 silly mapToRegistry name preconditions
117 silly mapToRegistry using default registry
118 silly mapToRegistry registry https://registry.npmjs.org/
119 silly mapToRegistry data Result {
119 silly mapToRegistry   raw: 'preconditions',
119 silly mapToRegistry   scope: null,
119 silly mapToRegistry   name: 'preconditions',
119 silly mapToRegistry   rawSpec: '',
119 silly mapToRegistry   spec: 'latest',
119 silly mapToRegistry   type: 'tag' }
120 silly mapToRegistry uri https://registry.npmjs.org/preconditions
121 silly fetchNamedPackageData shelljs
122 silly mapToRegistry name shelljs
123 silly mapToRegistry using default registry
124 silly mapToRegistry registry https://registry.npmjs.org/
125 silly mapToRegistry data Result {
125 silly mapToRegistry   raw: 'shelljs',
125 silly mapToRegistry   scope: null,
125 silly mapToRegistry   name: 'shelljs',
125 silly mapToRegistry   rawSpec: '',
125 silly mapToRegistry   spec: 'latest',
125 silly mapToRegistry   type: 'tag' }
126 silly mapToRegistry uri https://registry.npmjs.org/shelljs
127 silly fetchNamedPackageData sjcl
128 silly mapToRegistry name sjcl
129 silly mapToRegistry using default registry
130 silly mapToRegistry registry https://registry.npmjs.org/
131 silly mapToRegistry data Result {
131 silly mapToRegistry   raw: 'sjcl',
131 silly mapToRegistry   scope: null,
131 silly mapToRegistry   name: 'sjcl',
131 silly mapToRegistry   rawSpec: '',
131 silly mapToRegistry   spec: 'latest',
131 silly mapToRegistry   type: 'tag' }
132 silly mapToRegistry uri https://registry.npmjs.org/sjcl
133 silly fetchNamedPackageData innosetup-compiler
134 silly mapToRegistry name innosetup-compiler
135 silly mapToRegistry using default registry
136 silly mapToRegistry registry https://registry.npmjs.org/
137 silly mapToRegistry data Result {
137 silly mapToRegistry   raw: 'innosetup-compiler',
137 silly mapToRegistry   scope: null,
137 silly mapToRegistry   name: 'innosetup-compiler',
137 silly mapToRegistry   rawSpec: '',
137 silly mapToRegistry   spec: 'latest',
137 silly mapToRegistry   type: 'tag' }
138 silly mapToRegistry uri https://registry.npmjs.org/innosetup-compiler
139 silly fetchOtherPackageData intervaluecore@git+https://github.com/intervalue-hashnet/intervaluecore.git
140 silly cache add args [ 'intervaluecore@git+https://github.com/intervalue-hashnet/intervaluecore.git',
140 silly cache add   null ]
141 verbose cache add spec intervaluecore@git+https://github.com/intervalue-hashnet/intervaluecore.git
142 silly fetchOtherPackageData unzip@git+https://github.com/byteball/unzip.git
143 silly cache add args [ 'unzip@git+https://github.com/byteball/unzip.git', null ]
144 verbose cache add spec unzip@git+https://github.com/byteball/unzip.git
145 silly fetchOtherPackageData zip@git+https://github.com/xJeneKx/zip.git
146 silly cache add args [ 'zip@git+https://github.com/xJeneKx/zip.git', null ]
147 verbose cache add spec zip@git+https://github.com/xJeneKx/zip.git
148 verbose request uri https://registry.npmjs.org/async
149 verbose request no auth needed
150 info attempt registry request try #1 at 5:56:17 PM
151 verbose request id ef5a30662d641742
152 http request GET https://registry.npmjs.org/async
153 verbose request uri https://registry.npmjs.org/bip38
154 verbose request no auth needed
155 info attempt registry request try #1 at 5:56:17 PM
156 http request GET https://registry.npmjs.org/bip38
157 verbose request uri https://registry.npmjs.org/bitcore-lib
158 verbose request no auth needed
159 info attempt registry request try #1 at 5:56:17 PM
160 http request GET https://registry.npmjs.org/bitcore-lib
161 verbose request uri https://registry.npmjs.org/bitcore-mnemonic
162 verbose request no auth needed
163 info attempt registry request try #1 at 5:56:17 PM
164 http request GET https://registry.npmjs.org/bitcore-mnemonic
165 verbose request uri https://registry.npmjs.org/grunt
166 verbose request no auth needed
167 info attempt registry request try #1 at 5:56:17 PM
168 http request GET https://registry.npmjs.org/grunt
169 verbose request uri https://registry.npmjs.org/grunt-angular-gettext
170 verbose request no auth needed
171 info attempt registry request try #1 at 5:56:17 PM
172 http request GET https://registry.npmjs.org/grunt-angular-gettext
173 verbose request uri https://registry.npmjs.org/grunt-browserify
174 verbose request no auth needed
175 info attempt registry request try #1 at 5:56:17 PM
176 http request GET https://registry.npmjs.org/grunt-browserify
177 verbose request uri https://registry.npmjs.org/grunt-contrib-compress
178 verbose request no auth needed
179 info attempt registry request try #1 at 5:56:17 PM
180 http request GET https://registry.npmjs.org/grunt-contrib-compress
181 verbose request uri https://registry.npmjs.org/grunt-contrib-concat
182 verbose request no auth needed
183 info attempt registry request try #1 at 5:56:17 PM
184 http request GET https://registry.npmjs.org/grunt-contrib-concat
185 verbose request uri https://registry.npmjs.org/grunt-contrib-copy
186 verbose request no auth needed
187 info attempt registry request try #1 at 5:56:17 PM
188 http request GET https://registry.npmjs.org/grunt-contrib-copy
189 verbose request uri https://registry.npmjs.org/grunt-contrib-uglify
190 verbose request no auth needed
191 info attempt registry request try #1 at 5:56:17 PM
192 http request GET https://registry.npmjs.org/grunt-contrib-uglify
193 verbose request uri https://registry.npmjs.org/grunt-contrib-watch
194 verbose request no auth needed
195 info attempt registry request try #1 at 5:56:17 PM
196 http request GET https://registry.npmjs.org/grunt-contrib-watch
197 verbose request uri https://registry.npmjs.org/grunt-exec
198 verbose request no auth needed
199 info attempt registry request try #1 at 5:56:17 PM
200 http request GET https://registry.npmjs.org/grunt-exec
201 verbose request uri https://registry.npmjs.org/jszip
202 verbose request no auth needed
203 info attempt registry request try #1 at 5:56:17 PM
204 http request GET https://registry.npmjs.org/jszip
205 verbose request uri https://registry.npmjs.org/lodash
206 verbose request no auth needed
207 info attempt registry request try #1 at 5:56:17 PM
208 http request GET https://registry.npmjs.org/lodash
209 verbose request uri https://registry.npmjs.org/moment
210 verbose request no auth needed
211 info attempt registry request try #1 at 5:56:17 PM
212 http request GET https://registry.npmjs.org/moment
213 verbose request uri https://registry.npmjs.org/preconditions
214 verbose request no auth needed
215 info attempt registry request try #1 at 5:56:17 PM
216 http request GET https://registry.npmjs.org/preconditions
217 verbose request uri https://registry.npmjs.org/shelljs
218 verbose request no auth needed
219 info attempt registry request try #1 at 5:56:17 PM
220 http request GET https://registry.npmjs.org/shelljs
221 verbose request uri https://registry.npmjs.org/sjcl
222 verbose request no auth needed
223 info attempt registry request try #1 at 5:56:17 PM
224 http request GET https://registry.npmjs.org/sjcl
225 verbose request uri https://registry.npmjs.org/innosetup-compiler
226 verbose request no auth needed
227 info attempt registry request try #1 at 5:56:17 PM
228 http request GET https://registry.npmjs.org/innosetup-compiler
229 silly cache add parsed spec Result {
229 silly cache add   raw: 'intervaluecore@git+https://github.com/intervalue-hashnet/intervaluecore.git',
229 silly cache add   scope: null,
229 silly cache add   name: 'intervaluecore',
229 silly cache add   rawSpec: 'git+https://github.com/intervalue-hashnet/intervaluecore.git',
229 silly cache add   spec: 'git+https://github.com/intervalue-hashnet/intervaluecore.git',
229 silly cache add   type: 'hosted',
229 silly cache add   hosted:
229 silly cache add    { type: 'github',
229 silly cache add      ssh: 'git@github.com:intervalue-hashnet/intervaluecore.git',
229 silly cache add      sshUrl: 'git+ssh://git@github.com/intervalue-hashnet/intervaluecore.git',
229 silly cache add      httpsUrl: 'git+https://github.com/intervalue-hashnet/intervaluecore.git',
229 silly cache add      gitUrl: 'git://github.com/intervalue-hashnet/intervaluecore.git',
229 silly cache add      shortcut: 'github:intervalue-hashnet/intervaluecore',
229 silly cache add      directUrl: 'https://raw.githubusercontent.com/intervalue-hashnet/intervaluecore/master/package.json' } }
230 verbose addRemoteGit caching git+https://github.com/intervalue-hashnet/intervaluecore.git
231 verbose addRemoteGit git+https://github.com/intervalue-hashnet/intervaluecore.git is a repository hosted by github
232 silly tryClone cloning git+https://github.com/intervalue-hashnet/intervaluecore.git via git+https://github.com/intervalue-hashnet/intervaluecore.git
233 verbose tryClone git-https-github-com-intervalue-hashnet-intervaluecore-git-3f212b9a not in flight; caching
234 verbose correctMkdir /home/lebo/.npm/_git-remotes correctMkdir not in flight; initializing
235 silly cache add parsed spec Result {
235 silly cache add   raw: 'unzip@git+https://github.com/byteball/unzip.git',
235 silly cache add   scope: null,
235 silly cache add   name: 'unzip',
235 silly cache add   rawSpec: 'git+https://github.com/byteball/unzip.git',
235 silly cache add   spec: 'git+https://github.com/byteball/unzip.git',
235 silly cache add   type: 'hosted',
235 silly cache add   hosted:
235 silly cache add    { type: 'github',
235 silly cache add      ssh: 'git@github.com:byteball/unzip.git',
235 silly cache add      sshUrl: 'git+ssh://git@github.com/byteball/unzip.git',
235 silly cache add      httpsUrl: 'git+https://github.com/byteball/unzip.git',
235 silly cache add      gitUrl: 'git://github.com/byteball/unzip.git',
235 silly cache add      shortcut: 'github:byteball/unzip',
235 silly cache add      directUrl: 'https://raw.githubusercontent.com/byteball/unzip/master/package.json' } }
236 verbose addRemoteGit caching git+https://github.com/byteball/unzip.git
237 verbose addRemoteGit git+https://github.com/byteball/unzip.git is a repository hosted by github
238 silly tryClone cloning git+https://github.com/byteball/unzip.git via git+https://github.com/byteball/unzip.git
239 verbose tryClone git-https-github-com-byteball-unzip-git-c5eeb072 not in flight; caching
240 verbose correctMkdir /home/lebo/.npm/_git-remotes correctMkdir already in flight; waiting
241 silly cache add parsed spec Result {
241 silly cache add   raw: 'zip@git+https://github.com/xJeneKx/zip.git',
241 silly cache add   scope: null,
241 silly cache add   name: 'zip',
241 silly cache add   rawSpec: 'git+https://github.com/xJeneKx/zip.git',
241 silly cache add   spec: 'git+https://github.com/xJeneKx/zip.git',
241 silly cache add   type: 'hosted',
241 silly cache add   hosted:
241 silly cache add    { type: 'github',
241 silly cache add      ssh: 'git@github.com:xJeneKx/zip.git',
241 silly cache add      sshUrl: 'git+ssh://git@github.com/xJeneKx/zip.git',
241 silly cache add      httpsUrl: 'git+https://github.com/xJeneKx/zip.git',
241 silly cache add      gitUrl: 'git://github.com/xJeneKx/zip.git',
241 silly cache add      shortcut: 'github:xJeneKx/zip',
241 silly cache add      directUrl: 'https://raw.githubusercontent.com/xJeneKx/zip/master/package.json' } }
242 verbose addRemoteGit caching git+https://github.com/xJeneKx/zip.git
243 verbose addRemoteGit git+https://github.com/xJeneKx/zip.git is a repository hosted by github
244 silly tryClone cloning git+https://github.com/xJeneKx/zip.git via git+https://github.com/xJeneKx/zip.git
245 verbose tryClone git-https-github-com-xJeneKx-zip-git-cdf739d9 not in flight; caching
246 verbose correctMkdir /home/lebo/.npm/_git-remotes correctMkdir already in flight; waiting
247 info retry will retry, error on last attempt: Error: tunneling socket could not be established, cause=connect EINVAL 0.0.4.56:80 - Local (0.0.0.0:0)
248 info retry will retry, error on last attempt: Error: tunneling socket could not be established, cause=connect EINVAL 0.0.4.56:80 - Local (0.0.0.0:0)
249 info retry will retry, error on last attempt: Error: tunneling socket could not be established, cause=connect EINVAL 0.0.4.56:80 - Local (0.0.0.0:0)
250 info retry will retry, error on last attempt: Error: tunneling socket could not be established, cause=connect EINVAL 0.0.4.56:80 - Local (0.0.0.0:0)
251 info retry will retry, error on last attempt: Error: tunneling socket could not be established, cause=connect EINVAL 0.0.4.56:80 - Local (0.0.0.0:0)
252 info retry will retry, error on last attempt: Error: tunneling socket could not be established, cause=connect EINVAL 0.0.4.56:80 - Local (0.0.0.0:0)
253 info retry will retry, error on last attempt: Error: tunneling socket could not be established, cause=connect EINVAL 0.0.4.56:80 - Local (0.0.0.0:0)
254 info retry will retry, error on last attempt: Error: tunneling socket could not be established, cause=connect EINVAL 0.0.4.56:80 - Local (0.0.0.0:0)
255 info retry will retry, error on last attempt: Error: tunneling socket could not be established, cause=connect EINVAL 0.0.4.56:80 - Local (0.0.0.0:0)
256 info retry will retry, error on last attempt: Error: tunneling socket could not be established, cause=connect EINVAL 0.0.4.56:80 - Local (0.0.0.0:0)
257 info retry will retry, error on last attempt: Error: tunneling socket could not be established, cause=connect EINVAL 0.0.4.56:80 - Local (0.0.0.0:0)
258 info retry will retry, error on last attempt: Error: tunneling socket could not be established, cause=connect EINVAL 0.0.4.56:80 - Local (0.0.0.0:0)
259 info retry will retry, error on last attempt: Error: tunneling socket could not be established, cause=connect EINVAL 0.0.4.56:80 - Local (0.0.0.0:0)
260 info retry will retry, error on last attempt: Error: tunneling socket could not be established, cause=connect EINVAL 0.0.4.56:80 - Local (0.0.0.0:0)
261 info retry will retry, error on last attempt: Error: tunneling socket could not be established, cause=connect EINVAL 0.0.4.56:80 - Local (0.0.0.0:0)
262 info retry will retry, error on last attempt: Error: tunneling socket could not be established, cause=connect EINVAL 0.0.4.56:80 - Local (0.0.0.0:0)
263 info retry will retry, error on last attempt: Error: tunneling socket could not be established, cause=connect EINVAL 0.0.4.56:80 - Local (0.0.0.0:0)
264 info retry will retry, error on last attempt: Error: tunneling socket could not be established, cause=connect EINVAL 0.0.4.56:80 - Local (0.0.0.0:0)
265 info retry will retry, error on last attempt: Error: tunneling socket could not be established, cause=connect EINVAL 0.0.4.56:80 - Local (0.0.0.0:0)
266 info retry will retry, error on last attempt: Error: tunneling socket could not be established, cause=connect EINVAL 0.0.4.56:80 - Local (0.0.0.0:0)
267 info git [ 'config', '--get', 'remote.origin.url' ]
268 info git [ 'config', '--get', 'remote.origin.url' ]
269 info git [ 'clone',
269 info git   '--template=/home/lebo/.npm/_git-remotes/_templates',
269 info git   '--mirror',
269 info git   'https://github.com/intervalue-hashnet/intervaluecore.git',
269 info git   '/home/lebo/.npm/_git-remotes/git-https-github-com-intervalue-hashnet-intervaluecore-git-3f212b9a' ]
270 silly validateExistingRemote git+https://github.com/byteball/unzip.git remote.origin.url: https://github.com/byteball/unzip.git
271 verbose validateExistingRemote git+https://github.com/byteball/unzip.git is updating existing cached remote /home/lebo/.npm/_git-remotes/git-https-github-com-byteball-unzip-git-c5eeb072
272 silly validateExistingRemote git+https://github.com/xJeneKx/zip.git remote.origin.url: https://github.com/xJeneKx/zip.git
273 verbose validateExistingRemote git+https://github.com/xJeneKx/zip.git is updating existing cached remote /home/lebo/.npm/_git-remotes/git-https-github-com-xJeneKx-zip-git-cdf739d9
274 info git [ 'fetch', '-a', 'origin' ]
275 info git [ 'fetch', '-a', 'origin' ]
276 verbose updateRemote git fetch -a origin (https://github.com/xJeneKx/zip.git)
277 verbose correctMkdir /home/lebo/.npm/_git-remotes correctMkdir not in flight; initializing
278 verbose setPermissions git+https://github.com/xJeneKx/zip.git set permissions on /home/lebo/.npm/_git-remotes/git-https-github-com-xJeneKx-zip-git-cdf739d9
279 verbose resolveHead git+https://github.com/xJeneKx/zip.git original treeish: master
280 info git [ 'rev-list', '-n1', 'master' ]
281 verbose updateRemote git fetch -a origin (https://github.com/byteball/unzip.git)
282 verbose correctMkdir /home/lebo/.npm/_git-remotes correctMkdir not in flight; initializing
283 silly resolveHead git+https://github.com/xJeneKx/zip.git resolved treeish: dec6c2c2f683714a5a324ffe68d2daefdc060f60
284 verbose resolveHead git+https://github.com/xJeneKx/zip.git resolved Git URL: git+https://github.com/xJeneKx/zip.git#dec6c2c2f683714a5a324ffe68d2daefdc060f60
285 silly resolveHead Git working directory: /tmp/npm-20468-7c66aa6e/git-cache-c06ce166/dec6c2c2f683714a5a324ffe68d2daefdc060f60
286 verbose setPermissions git+https://github.com/byteball/unzip.git set permissions on /home/lebo/.npm/_git-remotes/git-https-github-com-byteball-unzip-git-c5eeb072
287 verbose resolveHead git+https://github.com/byteball/unzip.git original treeish: master
288 info git [ 'rev-list', '-n1', 'master' ]
289 silly resolveHead git+https://github.com/byteball/unzip.git resolved treeish: 31985896cf2dfbe6cc68558e392bebba40198b29
290 verbose resolveHead git+https://github.com/byteball/unzip.git resolved Git URL: git+https://github.com/byteball/unzip.git#31985896cf2dfbe6cc68558e392bebba40198b29
291 silly resolveHead Git working directory: /tmp/npm-20468-7c66aa6e/git-cache-2ffaf8e6/31985896cf2dfbe6cc68558e392bebba40198b29
292 info git [ 'clone',
292 info git   '/home/lebo/.npm/_git-remotes/git-https-github-com-xJeneKx-zip-git-cdf739d9',
292 info git   '/tmp/npm-20468-7c66aa6e/git-cache-c06ce166/dec6c2c2f683714a5a324ffe68d2daefdc060f60' ]
293 info git [ 'clone',
293 info git   '/home/lebo/.npm/_git-remotes/git-https-github-com-byteball-unzip-git-c5eeb072',
293 info git   '/tmp/npm-20468-7c66aa6e/git-cache-2ffaf8e6/31985896cf2dfbe6cc68558e392bebba40198b29' ]
294 verbose cloneResolved git+https://github.com/xJeneKx/zip.git clone Cloning into '/tmp/npm-20468-7c66aa6e/git-cache-c06ce166/dec6c2c2f683714a5a324ffe68d2daefdc060f60'...
294 verbose cloneResolved done.
295 verbose cloneResolved git+https://github.com/byteball/unzip.git clone Cloning into '/tmp/npm-20468-7c66aa6e/git-cache-2ffaf8e6/31985896cf2dfbe6cc68558e392bebba40198b29'...
295 verbose cloneResolved done.
296 info git [ 'checkout', 'dec6c2c2f683714a5a324ffe68d2daefdc060f60' ]
297 info git [ 'checkout', '31985896cf2dfbe6cc68558e392bebba40198b29' ]
298 verbose checkoutTreeish git+https://github.com/xJeneKx/zip.git checkout Note: checking out 'dec6c2c2f683714a5a324ffe68d2daefdc060f60'.
298 verbose checkoutTreeish
298 verbose checkoutTreeish You are in 'detached HEAD' state. You can look around, make experimental
298 verbose checkoutTreeish changes and commit them, and you can discard any commits you make in this
298 verbose checkoutTreeish state without impacting any branches by performing another checkout.
298 verbose checkoutTreeish
298 verbose checkoutTreeish If you want to create a new branch to retain commits you create, you may
298 verbose checkoutTreeish do so (now or later) by using -b with the checkout command again. Example:
298 verbose checkoutTreeish
298 verbose checkoutTreeish   git checkout -b <new-branch-name>
298 verbose checkoutTreeish
298 verbose checkoutTreeish HEAD is now at dec6c2c... fixes
299 info git [ 'submodule', '-q', 'update', '--init', '--recursive' ]
300 verbose checkoutTreeish git+https://github.com/byteball/unzip.git checkout Note: checking out '31985896cf2dfbe6cc68558e392bebba40198b29'.
300 verbose checkoutTreeish
300 verbose checkoutTreeish You are in 'detached HEAD' state. You can look around, make experimental
300 verbose checkoutTreeish changes and commit them, and you can discard any commits you make in this
300 verbose checkoutTreeish state without impacting any branches by performing another checkout.
300 verbose checkoutTreeish
300 verbose checkoutTreeish If you want to create a new branch to retain commits you create, you may
300 verbose checkoutTreeish do so (now or later) by using -b with the checkout command again. Example:
300 verbose checkoutTreeish
300 verbose checkoutTreeish   git checkout -b <new-branch-name>
300 verbose checkoutTreeish
300 verbose checkoutTreeish HEAD is now at 3198589... Merge pull request #1 from msm595/master
301 info git [ 'submodule', '-q', 'update', '--init', '--recursive' ]
302 verbose updateSubmodules git+https://github.com/xJeneKx/zip.git submodule update
303 verbose addLocalDirectory /home/lebo/.npm/zip/0.0.1/package.tgz not in flight; packing
304 verbose correctMkdir /home/lebo/.npm correctMkdir not in flight; initializing
305 verbose tar pack [ '/home/lebo/.npm/zip/0.0.1/package.tgz',
305 verbose tar pack   '/tmp/npm-20468-7c66aa6e/git-cache-c06ce166/dec6c2c2f683714a5a324ffe68d2daefdc060f60' ]
306 verbose tarball /home/lebo/.npm/zip/0.0.1/package.tgz
307 verbose folder /tmp/npm-20468-7c66aa6e/git-cache-c06ce166/dec6c2c2f683714a5a324ffe68d2daefdc060f60
308 verbose updateSubmodules git+https://github.com/byteball/unzip.git submodule update
309 verbose addLocalDirectory /home/lebo/.npm/unzip/0.1.2/package.tgz not in flight; packing
310 verbose correctMkdir /home/lebo/.npm correctMkdir not in flight; initializing
311 verbose tar pack [ '/home/lebo/.npm/unzip/0.1.2/package.tgz',
311 verbose tar pack   '/tmp/npm-20468-7c66aa6e/git-cache-2ffaf8e6/31985896cf2dfbe6cc68558e392bebba40198b29' ]
312 verbose tarball /home/lebo/.npm/unzip/0.1.2/package.tgz
313 verbose folder /tmp/npm-20468-7c66aa6e/git-cache-2ffaf8e6/31985896cf2dfbe6cc68558e392bebba40198b29
314 verbose addLocalTarball adding from inside cache /home/lebo/.npm/zip/0.0.1/package.tgz
315 verbose correctMkdir /home/lebo/.npm correctMkdir not in flight; initializing
316 verbose addRemoteGit data._from: git+https://github.com/xJeneKx/zip.git
317 verbose addRemoteGit data._resolved: git+https://github.com/xJeneKx/zip.git#dec6c2c2f683714a5a324ffe68d2daefdc060f60
318 silly cache afterAdd zip@0.0.1
319 verbose afterAdd /home/lebo/.npm/zip/0.0.1/package/package.json not in flight; writing
320 verbose correctMkdir /home/lebo/.npm correctMkdir not in flight; initializing
321 verbose afterAdd /home/lebo/.npm/zip/0.0.1/package/package.json written
322 silly resolveWithNewModule zip@0.0.1 checking installable status
323 verbose addLocalTarball adding from inside cache /home/lebo/.npm/unzip/0.1.2/package.tgz
324 verbose correctMkdir /home/lebo/.npm correctMkdir not in flight; initializing
325 verbose addRemoteGit data._from: git+https://github.com/byteball/unzip.git
326 verbose addRemoteGit data._resolved: git+https://github.com/byteball/unzip.git#31985896cf2dfbe6cc68558e392bebba40198b29
327 silly cache afterAdd unzip@0.1.2
328 verbose afterAdd /home/lebo/.npm/unzip/0.1.2/package/package.json not in flight; writing
329 verbose correctMkdir /home/lebo/.npm correctMkdir not in flight; initializing
330 verbose afterAdd /home/lebo/.npm/unzip/0.1.2/package/package.json written
331 silly resolveWithNewModule unzip@0.1.2 checking installable status
332 verbose mirrorRemote git+https://github.com/intervalue-hashnet/intervaluecore.git git clone https://github.com/intervalue-hashnet/intervaluecore.git
333 verbose correctMkdir /home/lebo/.npm/_git-remotes correctMkdir not in flight; initializing
334 verbose setPermissions git+https://github.com/intervalue-hashnet/intervaluecore.git set permissions on /home/lebo/.npm/_git-remotes/git-https-github-com-intervalue-hashnet-intervaluecore-git-3f212b9a
335 verbose resolveHead git+https://github.com/intervalue-hashnet/intervaluecore.git original treeish: master
336 info git [ 'rev-list', '-n1', 'master' ]
337 silly resolveHead git+https://github.com/intervalue-hashnet/intervaluecore.git resolved treeish: 10e23ca94a78e449d6cbd585370886b57d80d19f
338 verbose resolveHead git+https://github.com/intervalue-hashnet/intervaluecore.git resolved Git URL: git+https://github.com/intervalue-hashnet/intervaluecore.git#10e23ca94a78e449d6cbd585370886b57d80d19f
339 silly resolveHead Git working directory: /tmp/npm-20468-7c66aa6e/git-cache-f621a094/10e23ca94a78e449d6cbd585370886b57d80d19f
340 info git [ 'clone',
340 info git   '/home/lebo/.npm/_git-remotes/git-https-github-com-intervalue-hashnet-intervaluecore-git-3f212b9a',
340 info git   '/tmp/npm-20468-7c66aa6e/git-cache-f621a094/10e23ca94a78e449d6cbd585370886b57d80d19f' ]
341 verbose cloneResolved git+https://github.com/intervalue-hashnet/intervaluecore.git clone Cloning into '/tmp/npm-20468-7c66aa6e/git-cache-f621a094/10e23ca94a78e449d6cbd585370886b57d80d19f'...
341 verbose cloneResolved done.
342 info git [ 'checkout', '10e23ca94a78e449d6cbd585370886b57d80d19f' ]
343 verbose checkoutTreeish git+https://github.com/intervalue-hashnet/intervaluecore.git checkout Note: checking out '10e23ca94a78e449d6cbd585370886b57d80d19f'.
343 verbose checkoutTreeish
343 verbose checkoutTreeish You are in 'detached HEAD' state. You can look around, make experimental
343 verbose checkoutTreeish changes and commit them, and you can discard any commits you make in this
343 verbose checkoutTreeish state without impacting any branches by performing another checkout.
343 verbose checkoutTreeish
343 verbose checkoutTreeish If you want to create a new branch to retain commits you create, you may
343 verbose checkoutTreeish do so (now or later) by using -b with the checkout command again. Example:
343 verbose checkoutTreeish
343 verbose checkoutTreeish   git checkout -b <new-branch-name>
343 verbose checkoutTreeish
343 verbose checkoutTreeish HEAD is now at 10e23ca... Update README.md
344 info git [ 'submodule', '-q', 'update', '--init', '--recursive' ]
345 verbose updateSubmodules git+https://github.com/intervalue-hashnet/intervaluecore.git submodule update
346 error addLocal Could not install /tmp/npm-20468-7c66aa6e/git-cache-f621a094/10e23ca94a78e449d6cbd585370886b57d80d19f
347 silly fetchPackageMetaData Error: Failed to parse json
347 silly fetchPackageMetaData No value found for key version at 5:14
347 silly fetchPackageMetaData   "version": “0.2.78”,
347 silly fetchPackageMetaData              ^
347 silly fetchPackageMetaData     at parseError (/home/lebo/.nvm/versions/node/v6.1.0/lib/node_modules/npm/node_modules/read-package-json/read-json.js:379:11)
347 silly fetchPackageMetaData     at parseJson (/home/lebo/.nvm/versions/node/v6.1.0/lib/node_modules/npm/node_modules/read-package-json/read-json.js:68:23)
347 silly fetchPackageMetaData     at /home/lebo/.nvm/versions/node/v6.1.0/lib/node_modules/npm/node_modules/read-package-json/read-json.js:48:5
347 silly fetchPackageMetaData     at /home/lebo/.nvm/versions/node/v6.1.0/lib/node_modules/npm/node_modules/graceful-fs/graceful-fs.js:78:16
347 silly fetchPackageMetaData     at tryToString (fs.js:449:3)
347 silly fetchPackageMetaData     at FSReqWrap.readFileAfterClose [as oncomplete] (fs.js:436:12)
347 silly fetchPackageMetaData  error for intervaluecore@git+https://github.com/intervalue-hashnet/intervaluecore.git { Error: Failed to parse json
347 silly fetchPackageMetaData No value found for key version at 5:14
347 silly fetchPackageMetaData   "version": “0.2.78”,
347 silly fetchPackageMetaData              ^
347 silly fetchPackageMetaData     at parseError (/home/lebo/.nvm/versions/node/v6.1.0/lib/node_modules/npm/node_modules/read-package-json/read-json.js:379:11)
347 silly fetchPackageMetaData     at parseJson (/home/lebo/.nvm/versions/node/v6.1.0/lib/node_modules/npm/node_modules/read-package-json/read-json.js:68:23)
347 silly fetchPackageMetaData     at /home/lebo/.nvm/versions/node/v6.1.0/lib/node_modules/npm/node_modules/read-package-json/read-json.js:48:5
347 silly fetchPackageMetaData     at /home/lebo/.nvm/versions/node/v6.1.0/lib/node_modules/npm/node_modules/graceful-fs/graceful-fs.js:78:16
347 silly fetchPackageMetaData     at tryToString (fs.js:449:3)
347 silly fetchPackageMetaData     at FSReqWrap.readFileAfterClose [as oncomplete] (fs.js:436:12)
347 silly fetchPackageMetaData   code: 'EJSONPARSE',
347 silly fetchPackageMetaData   file: '/tmp/npm-20468-7c66aa6e/git-cache-f621a094/10e23ca94a78e449d6cbd585370886b57d80d19f/package.json' }
348 info attempt registry request try #2 at 5:56:27 PM
349 http request GET https://registry.npmjs.org/async
350 info attempt registry request try #2 at 5:56:27 PM
351 http request GET https://registry.npmjs.org/bip38
352 info attempt registry request try #2 at 5:56:27 PM
353 http request GET https://registry.npmjs.org/bitcore-lib
354 info attempt registry request try #2 at 5:56:27 PM
355 http request GET https://registry.npmjs.org/bitcore-mnemonic
356 info attempt registry request try #2 at 5:56:27 PM
357 http request GET https://registry.npmjs.org/grunt
358 info attempt registry request try #2 at 5:56:27 PM
359 http request GET https://registry.npmjs.org/grunt-angular-gettext
360 info attempt registry request try #2 at 5:56:27 PM
361 http request GET https://registry.npmjs.org/grunt-browserify
362 info attempt registry request try #2 at 5:56:27 PM
363 http request GET https://registry.npmjs.org/grunt-contrib-compress
364 info attempt registry request try #2 at 5:56:27 PM
365 http request GET https://registry.npmjs.org/grunt-contrib-concat
366 info attempt registry request try #2 at 5:56:27 PM
367 http request GET https://registry.npmjs.org/grunt-contrib-copy
368 info attempt registry request try #2 at 5:56:27 PM
369 http request GET https://registry.npmjs.org/grunt-contrib-uglify
370 info attempt registry request try #2 at 5:56:27 PM
371 http request GET https://registry.npmjs.org/grunt-contrib-watch
372 info attempt registry request try #2 at 5:56:27 PM
373 http request GET https://registry.npmjs.org/grunt-exec
374 info attempt registry request try #2 at 5:56:27 PM
375 http request GET https://registry.npmjs.org/jszip
376 info attempt registry request try #2 at 5:56:27 PM
377 http request GET https://registry.npmjs.org/lodash
378 info attempt registry request try #2 at 5:56:27 PM
379 http request GET https://registry.npmjs.org/moment
380 info attempt registry request try #2 at 5:56:27 PM
381 http request GET https://registry.npmjs.org/preconditions
382 info attempt registry request try #2 at 5:56:27 PM
383 http request GET https://registry.npmjs.org/shelljs
384 info attempt registry request try #2 at 5:56:27 PM
385 http request GET https://registry.npmjs.org/sjcl
386 info attempt registry request try #2 at 5:56:27 PM
387 http request GET https://registry.npmjs.org/innosetup-compiler
388 info retry will retry, error on last attempt: Error: tunneling socket could not be established, cause=connect EINVAL 0.0.4.56:80 - Local (0.0.0.0:0)
389 info retry will retry, error on last attempt: Error: tunneling socket could not be established, cause=connect EINVAL 0.0.4.56:80 - Local (0.0.0.0:0)
390 info retry will retry, error on last attempt: Error: tunneling socket could not be established, cause=connect EINVAL 0.0.4.56:80 - Local (0.0.0.0:0)
391 info retry will retry, error on last attempt: Error: tunneling socket could not be established, cause=connect EINVAL 0.0.4.56:80 - Local (0.0.0.0:0)
392 info retry will retry, error on last attempt: Error: tunneling socket could not be established, cause=connect EINVAL 0.0.4.56:80 - Local (0.0.0.0:0)
393 info retry will retry, error on last attempt: Error: tunneling socket could not be established, cause=connect EINVAL 0.0.4.56:80 - Local (0.0.0.0:0)
394 info retry will retry, error on last attempt: Error: tunneling socket could not be established, cause=connect EINVAL 0.0.4.56:80 - Local (0.0.0.0:0)
395 info retry will retry, error on last attempt: Error: tunneling socket could not be established, cause=connect EINVAL 0.0.4.56:80 - Local (0.0.0.0:0)
396 info retry will retry, error on last attempt: Error: tunneling socket could not be established, cause=connect EINVAL 0.0.4.56:80 - Local (0.0.0.0:0)
397 info retry will retry, error on last attempt: Error: tunneling socket could not be established, cause=connect EINVAL 0.0.4.56:80 - Local (0.0.0.0:0)
398 info retry will retry, error on last attempt: Error: tunneling socket could not be established, cause=connect EINVAL 0.0.4.56:80 - Local (0.0.0.0:0)
399 info retry will retry, error on last attempt: Error: tunneling socket could not be established, cause=connect EINVAL 0.0.4.56:80 - Local (0.0.0.0:0)
400 info retry will retry, error on last attempt: Error: tunneling socket could not be established, cause=connect EINVAL 0.0.4.56:80 - Local (0.0.0.0:0)
401 info retry will retry, error on last attempt: Error: tunneling socket could not be established, cause=connect EINVAL 0.0.4.56:80 - Local (0.0.0.0:0)
402 info retry will retry, error on last attempt: Error: tunneling socket could not be established, cause=connect EINVAL 0.0.4.56:80 - Local (0.0.0.0:0)
403 info retry will retry, error on last attempt: Error: tunneling socket could not be established, cause=connect EINVAL 0.0.4.56:80 - Local (0.0.0.0:0)
404 info retry will retry, error on last attempt: Error: tunneling socket could not be established, cause=connect EINVAL 0.0.4.56:80 - Local (0.0.0.0:0)
405 info retry will retry, error on last attempt: Error: tunneling socket could not be established, cause=connect EINVAL 0.0.4.56:80 - Local (0.0.0.0:0)
406 info retry will retry, error on last attempt: Error: tunneling socket could not be established, cause=connect EINVAL 0.0.4.56:80 - Local (0.0.0.0:0)
407 info retry will retry, error on last attempt: Error: tunneling socket could not be established, cause=connect EINVAL 0.0.4.56:80 - Local (0.0.0.0:0)
408 info attempt registry request try #3 at 5:57:27 PM
409 http request GET https://registry.npmjs.org/async
410 info attempt registry request try #3 at 5:57:27 PM
411 http request GET https://registry.npmjs.org/bip38
412 info attempt registry request try #3 at 5:57:27 PM
413 http request GET https://registry.npmjs.org/bitcore-lib
414 info attempt registry request try #3 at 5:57:27 PM
415 http request GET https://registry.npmjs.org/bitcore-mnemonic
416 info attempt registry request try #3 at 5:57:27 PM
417 http request GET https://registry.npmjs.org/grunt
418 info attempt registry request try #3 at 5:57:27 PM
419 http request GET https://registry.npmjs.org/grunt-angular-gettext
420 info attempt registry request try #3 at 5:57:27 PM
421 http request GET https://registry.npmjs.org/grunt-browserify
422 info attempt registry request try #3 at 5:57:27 PM
423 http request GET https://registry.npmjs.org/grunt-contrib-compress
424 info attempt registry request try #3 at 5:57:27 PM
425 http request GET https://registry.npmjs.org/grunt-contrib-concat
426 info attempt registry request try #3 at 5:57:27 PM
427 http request GET https://registry.npmjs.org/grunt-contrib-copy
428 info attempt registry request try #3 at 5:57:27 PM
429 http request GET https://registry.npmjs.org/grunt-contrib-uglify
430 info attempt registry request try #3 at 5:57:27 PM
431 http request GET https://registry.npmjs.org/grunt-contrib-watch
432 info attempt registry request try #3 at 5:57:27 PM
433 http request GET https://registry.npmjs.org/grunt-exec
434 info attempt registry request try #3 at 5:57:27 PM
435 http request GET https://registry.npmjs.org/jszip
436 info attempt registry request try #3 at 5:57:27 PM
437 http request GET https://registry.npmjs.org/lodash
438 info attempt registry request try #3 at 5:57:27 PM
439 http request GET https://registry.npmjs.org/moment
440 info attempt registry request try #3 at 5:57:27 PM
441 http request GET https://registry.npmjs.org/preconditions
442 info attempt registry request try #3 at 5:57:27 PM
443 http request GET https://registry.npmjs.org/shelljs
444 info attempt registry request try #3 at 5:57:27 PM
445 http request GET https://registry.npmjs.org/sjcl
446 info attempt registry request try #3 at 5:57:27 PM
447 http request GET https://registry.npmjs.org/innosetup-compiler
448 silly fetchPackageMetaData Error: tunneling socket could not be established, cause=connect EINVAL 0.0.4.56:80 - Local (0.0.0.0:0)
448 silly fetchPackageMetaData     at ClientRequest.onError (/home/lebo/.nvm/versions/node/v6.1.0/lib/node_modules/npm/node_modules/request/node_modules/tunnel-agent/index.js:176:17)
448 silly fetchPackageMetaData     at ClientRequest.g (events.js:286:16)
448 silly fetchPackageMetaData     at emitOne (events.js:96:13)
448 silly fetchPackageMetaData     at ClientRequest.emit (events.js:188:7)
448 silly fetchPackageMetaData     at Socket.socketErrorListener (_http_client.js:306:9)
448 silly fetchPackageMetaData     at emitOne (events.js:96:13)
448 silly fetchPackageMetaData     at Socket.emit (events.js:188:7)
448 silly fetchPackageMetaData     at emitErrorNT (net.js:1272:8)
448 silly fetchPackageMetaData     at _combinedTickCallback (internal/process/next_tick.js:74:11)
448 silly fetchPackageMetaData     at process._tickCallback (internal/process/next_tick.js:98:9)
448 silly fetchPackageMetaData  error for async@^1.5.2 { Error: tunneling socket could not be established, cause=connect EINVAL 0.0.4.56:80 - Local (0.0.0.0:0)
448 silly fetchPackageMetaData     at ClientRequest.onError (/home/lebo/.nvm/versions/node/v6.1.0/lib/node_modules/npm/node_modules/request/node_modules/tunnel-agent/index.js:176:17)
448 silly fetchPackageMetaData     at ClientRequest.g (events.js:286:16)
448 silly fetchPackageMetaData     at emitOne (events.js:96:13)
448 silly fetchPackageMetaData     at ClientRequest.emit (events.js:188:7)
448 silly fetchPackageMetaData     at Socket.socketErrorListener (_http_client.js:306:9)
448 silly fetchPackageMetaData     at emitOne (events.js:96:13)
448 silly fetchPackageMetaData     at Socket.emit (events.js:188:7)
448 silly fetchPackageMetaData     at emitErrorNT (net.js:1272:8)
448 silly fetchPackageMetaData     at _combinedTickCallback (internal/process/next_tick.js:74:11)
448 silly fetchPackageMetaData     at process._tickCallback (internal/process/next_tick.js:98:9) code: 'ECONNRESET' }
449 silly fetchPackageMetaData Error: tunneling socket could not be established, cause=connect EINVAL 0.0.4.56:80 - Local (0.0.0.0:0)
449 silly fetchPackageMetaData     at ClientRequest.onError (/home/lebo/.nvm/versions/node/v6.1.0/lib/node_modules/npm/node_modules/request/node_modules/tunnel-agent/index.js:176:17)
449 silly fetchPackageMetaData     at ClientRequest.g (events.js:286:16)
449 silly fetchPackageMetaData     at emitOne (events.js:96:13)
449 silly fetchPackageMetaData     at ClientRequest.emit (events.js:188:7)
449 silly fetchPackageMetaData     at Socket.socketErrorListener (_http_client.js:306:9)
449 silly fetchPackageMetaData     at emitOne (events.js:96:13)
449 silly fetchPackageMetaData     at Socket.emit (events.js:188:7)
449 silly fetchPackageMetaData     at emitErrorNT (net.js:1272:8)
449 silly fetchPackageMetaData     at _combinedTickCallback (internal/process/next_tick.js:74:11)
449 silly fetchPackageMetaData     at process._tickCallback (internal/process/next_tick.js:98:9)
449 silly fetchPackageMetaData  error for bip38@^1.4.0 { Error: tunneling socket could not be established, cause=connect EINVAL 0.0.4.56:80 - Local (0.0.0.0:0)
449 silly fetchPackageMetaData     at ClientRequest.onError (/home/lebo/.nvm/versions/node/v6.1.0/lib/node_modules/npm/node_modules/request/node_modules/tunnel-agent/index.js:176:17)
449 silly fetchPackageMetaData     at ClientRequest.g (events.js:286:16)
449 silly fetchPackageMetaData     at emitOne (events.js:96:13)
449 silly fetchPackageMetaData     at ClientRequest.emit (events.js:188:7)
449 silly fetchPackageMetaData     at Socket.socketErrorListener (_http_client.js:306:9)
449 silly fetchPackageMetaData     at emitOne (events.js:96:13)
449 silly fetchPackageMetaData     at Socket.emit (events.js:188:7)
449 silly fetchPackageMetaData     at emitErrorNT (net.js:1272:8)
449 silly fetchPackageMetaData     at _combinedTickCallback (internal/process/next_tick.js:74:11)
449 silly fetchPackageMetaData     at process._tickCallback (internal/process/next_tick.js:98:9) code: 'ECONNRESET' }
450 silly fetchPackageMetaData Error: tunneling socket could not be established, cause=connect EINVAL 0.0.4.56:80 - Local (0.0.0.0:0)
450 silly fetchPackageMetaData     at ClientRequest.onError (/home/lebo/.nvm/versions/node/v6.1.0/lib/node_modules/npm/node_modules/request/node_modules/tunnel-agent/index.js:176:17)
450 silly fetchPackageMetaData     at ClientRequest.g (events.js:286:16)
450 silly fetchPackageMetaData     at emitOne (events.js:96:13)
450 silly fetchPackageMetaData     at ClientRequest.emit (events.js:188:7)
450 silly fetchPackageMetaData     at Socket.socketErrorListener (_http_client.js:306:9)
450 silly fetchPackageMetaData     at emitOne (events.js:96:13)
450 silly fetchPackageMetaData     at Socket.emit (events.js:188:7)
450 silly fetchPackageMetaData     at emitErrorNT (net.js:1272:8)
450 silly fetchPackageMetaData     at _combinedTickCallback (internal/process/next_tick.js:74:11)
450 silly fetchPackageMetaData     at process._tickCallback (internal/process/next_tick.js:98:9)
450 silly fetchPackageMetaData  error for bitcore-lib@^0.13.14 { Error: tunneling socket could not be established, cause=connect EINVAL 0.0.4.56:80 - Local (0.0.0.0:0)
450 silly fetchPackageMetaData     at ClientRequest.onError (/home/lebo/.nvm/versions/node/v6.1.0/lib/node_modules/npm/node_modules/request/node_modules/tunnel-agent/index.js:176:17)
450 silly fetchPackageMetaData     at ClientRequest.g (events.js:286:16)
450 silly fetchPackageMetaData     at emitOne (events.js:96:13)
450 silly fetchPackageMetaData     at ClientRequest.emit (events.js:188:7)
450 silly fetchPackageMetaData     at Socket.socketErrorListener (_http_client.js:306:9)
450 silly fetchPackageMetaData     at emitOne (events.js:96:13)
450 silly fetchPackageMetaData     at Socket.emit (events.js:188:7)
450 silly fetchPackageMetaData     at emitErrorNT (net.js:1272:8)
450 silly fetchPackageMetaData     at _combinedTickCallback (internal/process/next_tick.js:74:11)
450 silly fetchPackageMetaData     at process._tickCallback (internal/process/next_tick.js:98:9) code: 'ECONNRESET' }
451 silly fetchPackageMetaData Error: tunneling socket could not be established, cause=connect EINVAL 0.0.4.56:80 - Local (0.0.0.0:0)
451 silly fetchPackageMetaData     at ClientRequest.onError (/home/lebo/.nvm/versions/node/v6.1.0/lib/node_modules/npm/node_modules/request/node_modules/tunnel-agent/index.js:176:17)
451 silly fetchPackageMetaData     at ClientRequest.g (events.js:286:16)
451 silly fetchPackageMetaData     at emitOne (events.js:96:13)
451 silly fetchPackageMetaData     at ClientRequest.emit (events.js:188:7)
451 silly fetchPackageMetaData     at Socket.socketErrorListener (_http_client.js:306:9)
451 silly fetchPackageMetaData     at emitOne (events.js:96:13)
451 silly fetchPackageMetaData     at Socket.emit (events.js:188:7)
451 silly fetchPackageMetaData     at emitErrorNT (net.js:1272:8)
451 silly fetchPackageMetaData     at _combinedTickCallback (internal/process/next_tick.js:74:11)
451 silly fetchPackageMetaData     at process._tickCallback (internal/process/next_tick.js:98:9)
451 silly fetchPackageMetaData  error for bitcore-mnemonic@~1.0.0 { Error: tunneling socket could not be established, cause=connect EINVAL 0.0.4.56:80 - Local (0.0.0.0:0)
451 silly fetchPackageMetaData     at ClientRequest.onError (/home/lebo/.nvm/versions/node/v6.1.0/lib/node_modules/npm/node_modules/request/node_modules/tunnel-agent/index.js:176:17)
451 silly fetchPackageMetaData     at ClientRequest.g (events.js:286:16)
451 silly fetchPackageMetaData     at emitOne (events.js:96:13)
451 silly fetchPackageMetaData     at ClientRequest.emit (events.js:188:7)
451 silly fetchPackageMetaData     at Socket.socketErrorListener (_http_client.js:306:9)
451 silly fetchPackageMetaData     at emitOne (events.js:96:13)
451 silly fetchPackageMetaData     at Socket.emit (events.js:188:7)
451 silly fetchPackageMetaData     at emitErrorNT (net.js:1272:8)
451 silly fetchPackageMetaData     at _combinedTickCallback (internal/process/next_tick.js:74:11)
451 silly fetchPackageMetaData     at process._tickCallback (internal/process/next_tick.js:98:9) code: 'ECONNRESET' }
452 silly fetchPackageMetaData Error: tunneling socket could not be established, cause=connect EINVAL 0.0.4.56:80 - Local (0.0.0.0:0)
452 silly fetchPackageMetaData     at ClientRequest.onError (/home/lebo/.nvm/versions/node/v6.1.0/lib/node_modules/npm/node_modules/request/node_modules/tunnel-agent/index.js:176:17)
452 silly fetchPackageMetaData     at ClientRequest.g (events.js:286:16)
452 silly fetchPackageMetaData     at emitOne (events.js:96:13)
452 silly fetchPackageMetaData     at ClientRequest.emit (events.js:188:7)
452 silly fetchPackageMetaData     at Socket.socketErrorListener (_http_client.js:306:9)
452 silly fetchPackageMetaData     at emitOne (events.js:96:13)
452 silly fetchPackageMetaData     at Socket.emit (events.js:188:7)
452 silly fetchPackageMetaData     at emitErrorNT (net.js:1272:8)
452 silly fetchPackageMetaData     at _combinedTickCallback (internal/process/next_tick.js:74:11)
452 silly fetchPackageMetaData     at process._tickCallback (internal/process/next_tick.js:98:9)
452 silly fetchPackageMetaData  error for grunt@^1.0.1 { Error: tunneling socket could not be established, cause=connect EINVAL 0.0.4.56:80 - Local (0.0.0.0:0)
452 silly fetchPackageMetaData     at ClientRequest.onError (/home/lebo/.nvm/versions/node/v6.1.0/lib/node_modules/npm/node_modules/request/node_modules/tunnel-agent/index.js:176:17)
452 silly fetchPackageMetaData     at ClientRequest.g (events.js:286:16)
452 silly fetchPackageMetaData     at emitOne (events.js:96:13)
452 silly fetchPackageMetaData     at ClientRequest.emit (events.js:188:7)
452 silly fetchPackageMetaData     at Socket.socketErrorListener (_http_client.js:306:9)
452 silly fetchPackageMetaData     at emitOne (events.js:96:13)
452 silly fetchPackageMetaData     at Socket.emit (events.js:188:7)
452 silly fetchPackageMetaData     at emitErrorNT (net.js:1272:8)
452 silly fetchPackageMetaData     at _combinedTickCallback (internal/process/next_tick.js:74:11)
452 silly fetchPackageMetaData     at process._tickCallback (internal/process/next_tick.js:98:9) code: 'ECONNRESET' }
453 silly fetchPackageMetaData Error: tunneling socket could not be established, cause=connect EINVAL 0.0.4.56:80 - Local (0.0.0.0:0)
453 silly fetchPackageMetaData     at ClientRequest.onError (/home/lebo/.nvm/versions/node/v6.1.0/lib/node_modules/npm/node_modules/request/node_modules/tunnel-agent/index.js:176:17)
453 silly fetchPackageMetaData     at ClientRequest.g (events.js:286:16)
453 silly fetchPackageMetaData     at emitOne (events.js:96:13)
453 silly fetchPackageMetaData     at ClientRequest.emit (events.js:188:7)
453 silly fetchPackageMetaData     at Socket.socketErrorListener (_http_client.js:306:9)
453 silly fetchPackageMetaData     at emitOne (events.js:96:13)
453 silly fetchPackageMetaData     at Socket.emit (events.js:188:7)
453 silly fetchPackageMetaData     at emitErrorNT (net.js:1272:8)
453 silly fetchPackageMetaData     at _combinedTickCallback (internal/process/next_tick.js:74:11)
453 silly fetchPackageMetaData     at process._tickCallback (internal/process/next_tick.js:98:9)
453 silly fetchPackageMetaData  error for grunt-angular-gettext@^2.2.3 { Error: tunneling socket could not be established, cause=connect EINVAL 0.0.4.56:80 - Local (0.0.0.0:0)
453 silly fetchPackageMetaData     at ClientRequest.onError (/home/lebo/.nvm/versions/node/v6.1.0/lib/node_modules/npm/node_modules/request/node_modules/tunnel-agent/index.js:176:17)
453 silly fetchPackageMetaData     at ClientRequest.g (events.js:286:16)
453 silly fetchPackageMetaData     at emitOne (events.js:96:13)
453 silly fetchPackageMetaData     at ClientRequest.emit (events.js:188:7)
453 silly fetchPackageMetaData     at Socket.socketErrorListener (_http_client.js:306:9)
453 silly fetchPackageMetaData     at emitOne (events.js:96:13)
453 silly fetchPackageMetaData     at Socket.emit (events.js:188:7)
453 silly fetchPackageMetaData     at emitErrorNT (net.js:1272:8)
453 silly fetchPackageMetaData     at _combinedTickCallback (internal/process/next_tick.js:74:11)
453 silly fetchPackageMetaData     at process._tickCallback (internal/process/next_tick.js:98:9) code: 'ECONNRESET' }
454 silly fetchPackageMetaData Error: tunneling socket could not be established, cause=connect EINVAL 0.0.4.56:80 - Local (0.0.0.0:0)
454 silly fetchPackageMetaData     at ClientRequest.onError (/home/lebo/.nvm/versions/node/v6.1.0/lib/node_modules/npm/node_modules/request/node_modules/tunnel-agent/index.js:176:17)
454 silly fetchPackageMetaData     at ClientRequest.g (events.js:286:16)
454 silly fetchPackageMetaData     at emitOne (events.js:96:13)
454 silly fetchPackageMetaData     at ClientRequest.emit (events.js:188:7)
454 silly fetchPackageMetaData     at Socket.socketErrorListener (_http_client.js:306:9)
454 silly fetchPackageMetaData     at emitOne (events.js:96:13)
454 silly fetchPackageMetaData     at Socket.emit (events.js:188:7)
454 silly fetchPackageMetaData     at emitErrorNT (net.js:1272:8)
454 silly fetchPackageMetaData     at _combinedTickCallback (internal/process/next_tick.js:74:11)
454 silly fetchPackageMetaData     at process._tickCallback (internal/process/next_tick.js:98:9)
454 silly fetchPackageMetaData  error for grunt-browserify@^5.0.0 { Error: tunneling socket could not be established, cause=connect EINVAL 0.0.4.56:80 - Local (0.0.0.0:0)
454 silly fetchPackageMetaData     at ClientRequest.onError (/home/lebo/.nvm/versions/node/v6.1.0/lib/node_modules/npm/node_modules/request/node_modules/tunnel-agent/index.js:176:17)
454 silly fetchPackageMetaData     at ClientRequest.g (events.js:286:16)
454 silly fetchPackageMetaData     at emitOne (events.js:96:13)
454 silly fetchPackageMetaData     at ClientRequest.emit (events.js:188:7)
454 silly fetchPackageMetaData     at Socket.socketErrorListener (_http_client.js:306:9)
454 silly fetchPackageMetaData     at emitOne (events.js:96:13)
454 silly fetchPackageMetaData     at Socket.emit (events.js:188:7)
454 silly fetchPackageMetaData     at emitErrorNT (net.js:1272:8)
454 silly fetchPackageMetaData     at _combinedTickCallback (internal/process/next_tick.js:74:11)
454 silly fetchPackageMetaData     at process._tickCallback (internal/process/next_tick.js:98:9) code: 'ECONNRESET' }
455 silly fetchPackageMetaData Error: tunneling socket could not be established, cause=connect EINVAL 0.0.4.56:80 - Local (0.0.0.0:0)
455 silly fetchPackageMetaData     at ClientRequest.onError (/home/lebo/.nvm/versions/node/v6.1.0/lib/node_modules/npm/node_modules/request/node_modules/tunnel-agent/index.js:176:17)
455 silly fetchPackageMetaData     at ClientRequest.g (events.js:286:16)
455 silly fetchPackageMetaData     at emitOne (events.js:96:13)
455 silly fetchPackageMetaData     at ClientRequest.emit (events.js:188:7)
455 silly fetchPackageMetaData     at Socket.socketErrorListener (_http_client.js:306:9)
455 silly fetchPackageMetaData     at emitOne (events.js:96:13)
455 silly fetchPackageMetaData     at Socket.emit (events.js:188:7)
455 silly fetchPackageMetaData     at emitErrorNT (net.js:1272:8)
455 silly fetchPackageMetaData     at _combinedTickCallback (internal/process/next_tick.js:74:11)
455 silly fetchPackageMetaData     at process._tickCallback (internal/process/next_tick.js:98:9)
455 silly fetchPackageMetaData  error for grunt-contrib-compress@^1.3.0 { Error: tunneling socket could not be established, cause=connect EINVAL 0.0.4.56:80 - Local (0.0.0.0:0)
455 silly fetchPackageMetaData     at ClientRequest.onError (/home/lebo/.nvm/versions/node/v6.1.0/lib/node_modules/npm/node_modules/request/node_modules/tunnel-agent/index.js:176:17)
455 silly fetchPackageMetaData     at ClientRequest.g (events.js:286:16)
455 silly fetchPackageMetaData     at emitOne (events.js:96:13)
455 silly fetchPackageMetaData     at ClientRequest.emit (events.js:188:7)
455 silly fetchPackageMetaData     at Socket.socketErrorListener (_http_client.js:306:9)
455 silly fetchPackageMetaData     at emitOne (events.js:96:13)
455 silly fetchPackageMetaData     at Socket.emit (events.js:188:7)
455 silly fetchPackageMetaData     at emitErrorNT (net.js:1272:8)
455 silly fetchPackageMetaData     at _combinedTickCallback (internal/process/next_tick.js:74:11)
455 silly fetchPackageMetaData     at process._tickCallback (internal/process/next_tick.js:98:9) code: 'ECONNRESET' }
456 silly fetchPackageMetaData Error: tunneling socket could not be established, cause=connect EINVAL 0.0.4.56:80 - Local (0.0.0.0:0)
456 silly fetchPackageMetaData     at ClientRequest.onError (/home/lebo/.nvm/versions/node/v6.1.0/lib/node_modules/npm/node_modules/request/node_modules/tunnel-agent/index.js:176:17)
456 silly fetchPackageMetaData     at ClientRequest.g (events.js:286:16)
456 silly fetchPackageMetaData     at emitOne (events.js:96:13)
456 silly fetchPackageMetaData     at ClientRequest.emit (events.js:188:7)
456 silly fetchPackageMetaData     at Socket.socketErrorListener (_http_client.js:306:9)
456 silly fetchPackageMetaData     at emitOne (events.js:96:13)
456 silly fetchPackageMetaData     at Socket.emit (events.js:188:7)
456 silly fetchPackageMetaData     at emitErrorNT (net.js:1272:8)
456 silly fetchPackageMetaData     at _combinedTickCallback (internal/process/next_tick.js:74:11)
456 silly fetchPackageMetaData     at process._tickCallback (internal/process/next_tick.js:98:9)
456 silly fetchPackageMetaData  error for grunt-contrib-concat@^1.0.1 { Error: tunneling socket could not be established, cause=connect EINVAL 0.0.4.56:80 - Local (0.0.0.0:0)
456 silly fetchPackageMetaData     at ClientRequest.onError (/home/lebo/.nvm/versions/node/v6.1.0/lib/node_modules/npm/node_modules/request/node_modules/tunnel-agent/index.js:176:17)
456 silly fetchPackageMetaData     at ClientRequest.g (events.js:286:16)
456 silly fetchPackageMetaData     at emitOne (events.js:96:13)
456 silly fetchPackageMetaData     at ClientRequest.emit (events.js:188:7)
456 silly fetchPackageMetaData     at Socket.socketErrorListener (_http_client.js:306:9)
456 silly fetchPackageMetaData     at emitOne (events.js:96:13)
456 silly fetchPackageMetaData     at Socket.emit (events.js:188:7)
456 silly fetchPackageMetaData     at emitErrorNT (net.js:1272:8)
456 silly fetchPackageMetaData     at _combinedTickCallback (internal/process/next_tick.js:74:11)
456 silly fetchPackageMetaData     at process._tickCallback (internal/process/next_tick.js:98:9) code: 'ECONNRESET' }
457 silly fetchPackageMetaData Error: tunneling socket could not be established, cause=connect EINVAL 0.0.4.56:80 - Local (0.0.0.0:0)
457 silly fetchPackageMetaData     at ClientRequest.onError (/home/lebo/.nvm/versions/node/v6.1.0/lib/node_modules/npm/node_modules/request/node_modules/tunnel-agent/index.js:176:17)
457 silly fetchPackageMetaData     at ClientRequest.g (events.js:286:16)
457 silly fetchPackageMetaData     at emitOne (events.js:96:13)
457 silly fetchPackageMetaData     at ClientRequest.emit (events.js:188:7)
457 silly fetchPackageMetaData     at Socket.socketErrorListener (_http_client.js:306:9)
457 silly fetchPackageMetaData     at emitOne (events.js:96:13)
457 silly fetchPackageMetaData     at Socket.emit (events.js:188:7)
457 silly fetchPackageMetaData     at emitErrorNT (net.js:1272:8)
457 silly fetchPackageMetaData     at _combinedTickCallback (internal/process/next_tick.js:74:11)
457 silly fetchPackageMetaData     at process._tickCallback (internal/process/next_tick.js:98:9)
457 silly fetchPackageMetaData  error for grunt-contrib-copy@^1.0.0 { Error: tunneling socket could not be established, cause=connect EINVAL 0.0.4.56:80 - Local (0.0.0.0:0)
457 silly fetchPackageMetaData     at ClientRequest.onError (/home/lebo/.nvm/versions/node/v6.1.0/lib/node_modules/npm/node_modules/request/node_modules/tunnel-agent/index.js:176:17)
457 silly fetchPackageMetaData     at ClientRequest.g (events.js:286:16)
457 silly fetchPackageMetaData     at emitOne (events.js:96:13)
457 silly fetchPackageMetaData     at ClientRequest.emit (events.js:188:7)
457 silly fetchPackageMetaData     at Socket.socketErrorListener (_http_client.js:306:9)
457 silly fetchPackageMetaData     at emitOne (events.js:96:13)
457 silly fetchPackageMetaData     at Socket.emit (events.js:188:7)
457 silly fetchPackageMetaData     at emitErrorNT (net.js:1272:8)
457 silly fetchPackageMetaData     at _combinedTickCallback (internal/process/next_tick.js:74:11)
457 silly fetchPackageMetaData     at process._tickCallback (internal/process/next_tick.js:98:9) code: 'ECONNRESET' }
458 silly fetchPackageMetaData Error: tunneling socket could not be established, cause=connect EINVAL 0.0.4.56:80 - Local (0.0.0.0:0)
458 silly fetchPackageMetaData     at ClientRequest.onError (/home/lebo/.nvm/versions/node/v6.1.0/lib/node_modules/npm/node_modules/request/node_modules/tunnel-agent/index.js:176:17)
458 silly fetchPackageMetaData     at ClientRequest.g (events.js:286:16)
458 silly fetchPackageMetaData     at emitOne (events.js:96:13)
458 silly fetchPackageMetaData     at ClientRequest.emit (events.js:188:7)
458 silly fetchPackageMetaData     at Socket.socketErrorListener (_http_client.js:306:9)
458 silly fetchPackageMetaData     at emitOne (events.js:96:13)
458 silly fetchPackageMetaData     at Socket.emit (events.js:188:7)
458 silly fetchPackageMetaData     at emitErrorNT (net.js:1272:8)
458 silly fetchPackageMetaData     at _combinedTickCallback (internal/process/next_tick.js:74:11)
458 silly fetchPackageMetaData     at process._tickCallback (internal/process/next_tick.js:98:9)
458 silly fetchPackageMetaData  error for grunt-contrib-uglify@^1.0.1 { Error: tunneling socket could not be established, cause=connect EINVAL 0.0.4.56:80 - Local (0.0.0.0:0)
458 silly fetchPackageMetaData     at ClientRequest.onError (/home/lebo/.nvm/versions/node/v6.1.0/lib/node_modules/npm/node_modules/request/node_modules/tunnel-agent/index.js:176:17)
458 silly fetchPackageMetaData     at ClientRequest.g (events.js:286:16)
458 silly fetchPackageMetaData     at emitOne (events.js:96:13)
458 silly fetchPackageMetaData     at ClientRequest.emit (events.js:188:7)
458 silly fetchPackageMetaData     at Socket.socketErrorListener (_http_client.js:306:9)
458 silly fetchPackageMetaData     at emitOne (events.js:96:13)
458 silly fetchPackageMetaData     at Socket.emit (events.js:188:7)
458 silly fetchPackageMetaData     at emitErrorNT (net.js:1272:8)
458 silly fetchPackageMetaData     at _combinedTickCallback (internal/process/next_tick.js:74:11)
458 silly fetchPackageMetaData     at process._tickCallback (internal/process/next_tick.js:98:9) code: 'ECONNRESET' }
459 silly fetchPackageMetaData Error: tunneling socket could not be established, cause=connect EINVAL 0.0.4.56:80 - Local (0.0.0.0:0)
459 silly fetchPackageMetaData     at ClientRequest.onError (/home/lebo/.nvm/versions/node/v6.1.0/lib/node_modules/npm/node_modules/request/node_modules/tunnel-agent/index.js:176:17)
459 silly fetchPackageMetaData     at ClientRequest.g (events.js:286:16)
459 silly fetchPackageMetaData     at emitOne (events.js:96:13)
459 silly fetchPackageMetaData     at ClientRequest.emit (events.js:188:7)
459 silly fetchPackageMetaData     at Socket.socketErrorListener (_http_client.js:306:9)
459 silly fetchPackageMetaData     at emitOne (events.js:96:13)
459 silly fetchPackageMetaData     at Socket.emit (events.js:188:7)
459 silly fetchPackageMetaData     at emitErrorNT (net.js:1272:8)
459 silly fetchPackageMetaData     at _combinedTickCallback (internal/process/next_tick.js:74:11)
459 silly fetchPackageMetaData     at process._tickCallback (internal/process/next_tick.js:98:9)
459 silly fetchPackageMetaData  error for grunt-contrib-watch@^1.0.0 { Error: tunneling socket could not be established, cause=connect EINVAL 0.0.4.56:80 - Local (0.0.0.0:0)
459 silly fetchPackageMetaData     at ClientRequest.onError (/home/lebo/.nvm/versions/node/v6.1.0/lib/node_modules/npm/node_modules/request/node_modules/tunnel-agent/index.js:176:17)
459 silly fetchPackageMetaData     at ClientRequest.g (events.js:286:16)
459 silly fetchPackageMetaData     at emitOne (events.js:96:13)
459 silly fetchPackageMetaData     at ClientRequest.emit (events.js:188:7)
459 silly fetchPackageMetaData     at Socket.socketErrorListener (_http_client.js:306:9)
459 silly fetchPackageMetaData     at emitOne (events.js:96:13)
459 silly fetchPackageMetaData     at Socket.emit (events.js:188:7)
459 silly fetchPackageMetaData     at emitErrorNT (net.js:1272:8)
459 silly fetchPackageMetaData     at _combinedTickCallback (internal/process/next_tick.js:74:11)
459 silly fetchPackageMetaData     at process._tickCallback (internal/process/next_tick.js:98:9) code: 'ECONNRESET' }
460 silly fetchPackageMetaData Error: tunneling socket could not be established, cause=connect EINVAL 0.0.4.56:80 - Local (0.0.0.0:0)
460 silly fetchPackageMetaData     at ClientRequest.onError (/home/lebo/.nvm/versions/node/v6.1.0/lib/node_modules/npm/node_modules/request/node_modules/tunnel-agent/index.js:176:17)
460 silly fetchPackageMetaData     at ClientRequest.g (events.js:286:16)
460 silly fetchPackageMetaData     at emitOne (events.js:96:13)
460 silly fetchPackageMetaData     at ClientRequest.emit (events.js:188:7)
460 silly fetchPackageMetaData     at Socket.socketErrorListener (_http_client.js:306:9)
460 silly fetchPackageMetaData     at emitOne (events.js:96:13)
460 silly fetchPackageMetaData     at Socket.emit (events.js:188:7)
460 silly fetchPackageMetaData     at emitErrorNT (net.js:1272:8)
460 silly fetchPackageMetaData     at _combinedTickCallback (internal/process/next_tick.js:74:11)
460 silly fetchPackageMetaData     at process._tickCallback (internal/process/next_tick.js:98:9)
460 silly fetchPackageMetaData  error for grunt-exec@^1.0.0 { Error: tunneling socket could not be established, cause=connect EINVAL 0.0.4.56:80 - Local (0.0.0.0:0)
460 silly fetchPackageMetaData     at ClientRequest.onError (/home/lebo/.nvm/versions/node/v6.1.0/lib/node_modules/npm/node_modules/request/node_modules/tunnel-agent/index.js:176:17)
460 silly fetchPackageMetaData     at ClientRequest.g (events.js:286:16)
460 silly fetchPackageMetaData     at emitOne (events.js:96:13)
460 silly fetchPackageMetaData     at ClientRequest.emit (events.js:188:7)
460 silly fetchPackageMetaData     at Socket.socketErrorListener (_http_client.js:306:9)
460 silly fetchPackageMetaData     at emitOne (events.js:96:13)
460 silly fetchPackageMetaData     at Socket.emit (events.js:188:7)
460 silly fetchPackageMetaData     at emitErrorNT (net.js:1272:8)
460 silly fetchPackageMetaData     at _combinedTickCallback (internal/process/next_tick.js:74:11)
460 silly fetchPackageMetaData     at process._tickCallback (internal/process/next_tick.js:98:9) code: 'ECONNRESET' }
461 silly fetchPackageMetaData Error: tunneling socket could not be established, cause=connect EINVAL 0.0.4.56:80 - Local (0.0.0.0:0)
461 silly fetchPackageMetaData     at ClientRequest.onError (/home/lebo/.nvm/versions/node/v6.1.0/lib/node_modules/npm/node_modules/request/node_modules/tunnel-agent/index.js:176:17)
461 silly fetchPackageMetaData     at ClientRequest.g (events.js:286:16)
461 silly fetchPackageMetaData     at emitOne (events.js:96:13)
461 silly fetchPackageMetaData     at ClientRequest.emit (events.js:188:7)
461 silly fetchPackageMetaData     at Socket.socketErrorListener (_http_client.js:306:9)
461 silly fetchPackageMetaData     at emitOne (events.js:96:13)
461 silly fetchPackageMetaData     at Socket.emit (events.js:188:7)
461 silly fetchPackageMetaData     at emitErrorNT (net.js:1272:8)
461 silly fetchPackageMetaData     at _combinedTickCallback (internal/process/next_tick.js:74:11)
461 silly fetchPackageMetaData     at process._tickCallback (internal/process/next_tick.js:98:9)
461 silly fetchPackageMetaData  error for jszip@^3.1.3 { Error: tunneling socket could not be established, cause=connect EINVAL 0.0.4.56:80 - Local (0.0.0.0:0)
461 silly fetchPackageMetaData     at ClientRequest.onError (/home/lebo/.nvm/versions/node/v6.1.0/lib/node_modules/npm/node_modules/request/node_modules/tunnel-agent/index.js:176:17)
461 silly fetchPackageMetaData     at ClientRequest.g (events.js:286:16)
461 silly fetchPackageMetaData     at emitOne (events.js:96:13)
461 silly fetchPackageMetaData     at ClientRequest.emit (events.js:188:7)
461 silly fetchPackageMetaData     at Socket.socketErrorListener (_http_client.js:306:9)
461 silly fetchPackageMetaData     at emitOne (events.js:96:13)
461 silly fetchPackageMetaData     at Socket.emit (events.js:188:7)
461 silly fetchPackageMetaData     at emitErrorNT (net.js:1272:8)
461 silly fetchPackageMetaData     at _combinedTickCallback (internal/process/next_tick.js:74:11)
461 silly fetchPackageMetaData     at process._tickCallback (internal/process/next_tick.js:98:9) code: 'ECONNRESET' }
462 silly fetchPackageMetaData Error: tunneling socket could not be established, cause=connect EINVAL 0.0.4.56:80 - Local (0.0.0.0:0)
462 silly fetchPackageMetaData     at ClientRequest.onError (/home/lebo/.nvm/versions/node/v6.1.0/lib/node_modules/npm/node_modules/request/node_modules/tunnel-agent/index.js:176:17)
462 silly fetchPackageMetaData     at ClientRequest.g (events.js:286:16)
462 silly fetchPackageMetaData     at emitOne (events.js:96:13)
462 silly fetchPackageMetaData     at ClientRequest.emit (events.js:188:7)
462 silly fetchPackageMetaData     at Socket.socketErrorListener (_http_client.js:306:9)
462 silly fetchPackageMetaData     at emitOne (events.js:96:13)
462 silly fetchPackageMetaData     at Socket.emit (events.js:188:7)
462 silly fetchPackageMetaData     at emitErrorNT (net.js:1272:8)
462 silly fetchPackageMetaData     at _combinedTickCallback (internal/process/next_tick.js:74:11)
462 silly fetchPackageMetaData     at process._tickCallback (internal/process/next_tick.js:98:9)
462 silly fetchPackageMetaData  error for lodash@^4.6.1 { Error: tunneling socket could not be established, cause=connect EINVAL 0.0.4.56:80 - Local (0.0.0.0:0)
462 silly fetchPackageMetaData     at ClientRequest.onError (/home/lebo/.nvm/versions/node/v6.1.0/lib/node_modules/npm/node_modules/request/node_modules/tunnel-agent/index.js:176:17)
462 silly fetchPackageMetaData     at ClientRequest.g (events.js:286:16)
462 silly fetchPackageMetaData     at emitOne (events.js:96:13)
462 silly fetchPackageMetaData     at ClientRequest.emit (events.js:188:7)
462 silly fetchPackageMetaData     at Socket.socketErrorListener (_http_client.js:306:9)
462 silly fetchPackageMetaData     at emitOne (events.js:96:13)
462 silly fetchPackageMetaData     at Socket.emit (events.js:188:7)
462 silly fetchPackageMetaData     at emitErrorNT (net.js:1272:8)
462 silly fetchPackageMetaData     at _combinedTickCallback (internal/process/next_tick.js:74:11)
462 silly fetchPackageMetaData     at process._tickCallback (internal/process/next_tick.js:98:9) code: 'ECONNRESET' }
463 silly fetchPackageMetaData Error: tunneling socket could not be established, cause=connect EINVAL 0.0.4.56:80 - Local (0.0.0.0:0)
463 silly fetchPackageMetaData     at ClientRequest.onError (/home/lebo/.nvm/versions/node/v6.1.0/lib/node_modules/npm/node_modules/request/node_modules/tunnel-agent/index.js:176:17)
463 silly fetchPackageMetaData     at ClientRequest.g (events.js:286:16)
463 silly fetchPackageMetaData     at emitOne (events.js:96:13)
463 silly fetchPackageMetaData     at ClientRequest.emit (events.js:188:7)
463 silly fetchPackageMetaData     at Socket.socketErrorListener (_http_client.js:306:9)
463 silly fetchPackageMetaData     at emitOne (events.js:96:13)
463 silly fetchPackageMetaData     at Socket.emit (events.js:188:7)
463 silly fetchPackageMetaData     at emitErrorNT (net.js:1272:8)
463 silly fetchPackageMetaData     at _combinedTickCallback (internal/process/next_tick.js:74:11)
463 silly fetchPackageMetaData     at process._tickCallback (internal/process/next_tick.js:98:9)
463 silly fetchPackageMetaData  error for moment@^2.18.1 { Error: tunneling socket could not be established, cause=connect EINVAL 0.0.4.56:80 - Local (0.0.0.0:0)
463 silly fetchPackageMetaData     at ClientRequest.onError (/home/lebo/.nvm/versions/node/v6.1.0/lib/node_modules/npm/node_modules/request/node_modules/tunnel-agent/index.js:176:17)
463 silly fetchPackageMetaData     at ClientRequest.g (events.js:286:16)
463 silly fetchPackageMetaData     at emitOne (events.js:96:13)
463 silly fetchPackageMetaData     at ClientRequest.emit (events.js:188:7)
463 silly fetchPackageMetaData     at Socket.socketErrorListener (_http_client.js:306:9)
463 silly fetchPackageMetaData     at emitOne (events.js:96:13)
463 silly fetchPackageMetaData     at Socket.emit (events.js:188:7)
463 silly fetchPackageMetaData     at emitErrorNT (net.js:1272:8)
463 silly fetchPackageMetaData     at _combinedTickCallback (internal/process/next_tick.js:74:11)
463 silly fetchPackageMetaData     at process._tickCallback (internal/process/next_tick.js:98:9) code: 'ECONNRESET' }
464 silly fetchPackageMetaData Error: tunneling socket could not be established, cause=connect EINVAL 0.0.4.56:80 - Local (0.0.0.0:0)
464 silly fetchPackageMetaData     at ClientRequest.onError (/home/lebo/.nvm/versions/node/v6.1.0/lib/node_modules/npm/node_modules/request/node_modules/tunnel-agent/index.js:176:17)
464 silly fetchPackageMetaData     at ClientRequest.g (events.js:286:16)
464 silly fetchPackageMetaData     at emitOne (events.js:96:13)
464 silly fetchPackageMetaData     at ClientRequest.emit (events.js:188:7)
464 silly fetchPackageMetaData     at Socket.socketErrorListener (_http_client.js:306:9)
464 silly fetchPackageMetaData     at emitOne (events.js:96:13)
464 silly fetchPackageMetaData     at Socket.emit (events.js:188:7)
464 silly fetchPackageMetaData     at emitErrorNT (net.js:1272:8)
464 silly fetchPackageMetaData     at _combinedTickCallback (internal/process/next_tick.js:74:11)
464 silly fetchPackageMetaData     at process._tickCallback (internal/process/next_tick.js:98:9)
464 silly fetchPackageMetaData  error for preconditions@^1.0.8 { Error: tunneling socket could not be established, cause=connect EINVAL 0.0.4.56:80 - Local (0.0.0.0:0)
464 silly fetchPackageMetaData     at ClientRequest.onError (/home/lebo/.nvm/versions/node/v6.1.0/lib/node_modules/npm/node_modules/request/node_modules/tunnel-agent/index.js:176:17)
464 silly fetchPackageMetaData     at ClientRequest.g (events.js:286:16)
464 silly fetchPackageMetaData     at emitOne (events.js:96:13)
464 silly fetchPackageMetaData     at ClientRequest.emit (events.js:188:7)
464 silly fetchPackageMetaData     at Socket.socketErrorListener (_http_client.js:306:9)
464 silly fetchPackageMetaData     at emitOne (events.js:96:13)
464 silly fetchPackageMetaData     at Socket.emit (events.js:188:7)
464 silly fetchPackageMetaData     at emitErrorNT (net.js:1272:8)
464 silly fetchPackageMetaData     at _combinedTickCallback (internal/process/next_tick.js:74:11)
464 silly fetchPackageMetaData     at process._tickCallback (internal/process/next_tick.js:98:9) code: 'ECONNRESET' }
465 silly fetchPackageMetaData Error: tunneling socket could not be established, cause=connect EINVAL 0.0.4.56:80 - Local (0.0.0.0:0)
465 silly fetchPackageMetaData     at ClientRequest.onError (/home/lebo/.nvm/versions/node/v6.1.0/lib/node_modules/npm/node_modules/request/node_modules/tunnel-agent/index.js:176:17)
465 silly fetchPackageMetaData     at ClientRequest.g (events.js:286:16)
465 silly fetchPackageMetaData     at emitOne (events.js:96:13)
465 silly fetchPackageMetaData     at ClientRequest.emit (events.js:188:7)
465 silly fetchPackageMetaData     at Socket.socketErrorListener (_http_client.js:306:9)
465 silly fetchPackageMetaData     at emitOne (events.js:96:13)
465 silly fetchPackageMetaData     at Socket.emit (events.js:188:7)
465 silly fetchPackageMetaData     at emitErrorNT (net.js:1272:8)
465 silly fetchPackageMetaData     at _combinedTickCallback (internal/process/next_tick.js:74:11)
465 silly fetchPackageMetaData     at process._tickCallback (internal/process/next_tick.js:98:9)
465 silly fetchPackageMetaData  error for shelljs@^0.3.0 { Error: tunneling socket could not be established, cause=connect EINVAL 0.0.4.56:80 - Local (0.0.0.0:0)
465 silly fetchPackageMetaData     at ClientRequest.onError (/home/lebo/.nvm/versions/node/v6.1.0/lib/node_modules/npm/node_modules/request/node_modules/tunnel-agent/index.js:176:17)
465 silly fetchPackageMetaData     at ClientRequest.g (events.js:286:16)
465 silly fetchPackageMetaData     at emitOne (events.js:96:13)
465 silly fetchPackageMetaData     at ClientRequest.emit (events.js:188:7)
465 silly fetchPackageMetaData     at Socket.socketErrorListener (_http_client.js:306:9)
465 silly fetchPackageMetaData     at emitOne (events.js:96:13)
465 silly fetchPackageMetaData     at Socket.emit (events.js:188:7)
465 silly fetchPackageMetaData     at emitErrorNT (net.js:1272:8)
465 silly fetchPackageMetaData     at _combinedTickCallback (internal/process/next_tick.js:74:11)
465 silly fetchPackageMetaData     at process._tickCallback (internal/process/next_tick.js:98:9) code: 'ECONNRESET' }
466 silly fetchPackageMetaData Error: tunneling socket could not be established, cause=connect EINVAL 0.0.4.56:80 - Local (0.0.0.0:0)
466 silly fetchPackageMetaData     at ClientRequest.onError (/home/lebo/.nvm/versions/node/v6.1.0/lib/node_modules/npm/node_modules/request/node_modules/tunnel-agent/index.js:176:17)
466 silly fetchPackageMetaData     at ClientRequest.g (events.js:286:16)
466 silly fetchPackageMetaData     at emitOne (events.js:96:13)
466 silly fetchPackageMetaData     at ClientRequest.emit (events.js:188:7)
466 silly fetchPackageMetaData     at Socket.socketErrorListener (_http_client.js:306:9)
466 silly fetchPackageMetaData     at emitOne (events.js:96:13)
466 silly fetchPackageMetaData     at Socket.emit (events.js:188:7)
466 silly fetchPackageMetaData     at emitErrorNT (net.js:1272:8)
466 silly fetchPackageMetaData     at _combinedTickCallback (internal/process/next_tick.js:74:11)
466 silly fetchPackageMetaData     at process._tickCallback (internal/process/next_tick.js:98:9)
466 silly fetchPackageMetaData  error for sjcl@^1.0.2 { Error: tunneling socket could not be established, cause=connect EINVAL 0.0.4.56:80 - Local (0.0.0.0:0)
466 silly fetchPackageMetaData     at ClientRequest.onError (/home/lebo/.nvm/versions/node/v6.1.0/lib/node_modules/npm/node_modules/request/node_modules/tunnel-agent/index.js:176:17)
466 silly fetchPackageMetaData     at ClientRequest.g (events.js:286:16)
466 silly fetchPackageMetaData     at emitOne (events.js:96:13)
466 silly fetchPackageMetaData     at ClientRequest.emit (events.js:188:7)
466 silly fetchPackageMetaData     at Socket.socketErrorListener (_http_client.js:306:9)
466 silly fetchPackageMetaData     at emitOne (events.js:96:13)
466 silly fetchPackageMetaData     at Socket.emit (events.js:188:7)
466 silly fetchPackageMetaData     at emitErrorNT (net.js:1272:8)
466 silly fetchPackageMetaData     at _combinedTickCallback (internal/process/next_tick.js:74:11)
466 silly fetchPackageMetaData     at process._tickCallback (internal/process/next_tick.js:98:9) code: 'ECONNRESET' }
467 silly fetchPackageMetaData Error: tunneling socket could not be established, cause=connect EINVAL 0.0.4.56:80 - Local (0.0.0.0:0)
467 silly fetchPackageMetaData     at ClientRequest.onError (/home/lebo/.nvm/versions/node/v6.1.0/lib/node_modules/npm/node_modules/request/node_modules/tunnel-agent/index.js:176:17)
467 silly fetchPackageMetaData     at ClientRequest.g (events.js:286:16)
467 silly fetchPackageMetaData     at emitOne (events.js:96:13)
467 silly fetchPackageMetaData     at ClientRequest.emit (events.js:188:7)
467 silly fetchPackageMetaData     at Socket.socketErrorListener (_http_client.js:306:9)
467 silly fetchPackageMetaData     at emitOne (events.js:96:13)
467 silly fetchPackageMetaData     at Socket.emit (events.js:188:7)
467 silly fetchPackageMetaData     at emitErrorNT (net.js:1272:8)
467 silly fetchPackageMetaData     at _combinedTickCallback (internal/process/next_tick.js:74:11)
467 silly fetchPackageMetaData     at process._tickCallback (internal/process/next_tick.js:98:9)
467 silly fetchPackageMetaData  error for innosetup-compiler@^5.5.9 { Error: tunneling socket could not be established, cause=connect EINVAL 0.0.4.56:80 - Local (0.0.0.0:0)
467 silly fetchPackageMetaData     at ClientRequest.onError (/home/lebo/.nvm/versions/node/v6.1.0/lib/node_modules/npm/node_modules/request/node_modules/tunnel-agent/index.js:176:17)
467 silly fetchPackageMetaData     at ClientRequest.g (events.js:286:16)
467 silly fetchPackageMetaData     at emitOne (events.js:96:13)
467 silly fetchPackageMetaData     at ClientRequest.emit (events.js:188:7)
467 silly fetchPackageMetaData     at Socket.socketErrorListener (_http_client.js:306:9)
467 silly fetchPackageMetaData     at emitOne (events.js:96:13)
467 silly fetchPackageMetaData     at Socket.emit (events.js:188:7)
467 silly fetchPackageMetaData     at emitErrorNT (net.js:1272:8)
467 silly fetchPackageMetaData     at _combinedTickCallback (internal/process/next_tick.js:74:11)
467 silly fetchPackageMetaData     at process._tickCallback (internal/process/next_tick.js:98:9) code: 'ECONNRESET' }
468 silly rollbackFailedOptional Starting
469 silly rollbackFailedOptional Finishing
470 silly runTopLevelLifecycles Starting
471 silly runTopLevelLifecycles Finishing
472 silly install printInstalled
473 warn optional Skipping failed optional dependency //innosetup-compiler:
474 warn network tunneling socket could not be established, cause=connect EINVAL 0.0.4.56:80 - Local (0.0.0.0:0)
475 verbose stack Error: Failed to parse json
475 verbose stack No value found for key version at 5:14
475 verbose stack   "version": “0.2.78”,
475 verbose stack              ^
475 verbose stack     at parseError (/home/lebo/.nvm/versions/node/v6.1.0/lib/node_modules/npm/node_modules/read-package-json/read-json.js:379:11)
475 verbose stack     at parseJson (/home/lebo/.nvm/versions/node/v6.1.0/lib/node_modules/npm/node_modules/read-package-json/read-json.js:68:23)
475 verbose stack     at /home/lebo/.nvm/versions/node/v6.1.0/lib/node_modules/npm/node_modules/read-package-json/read-json.js:48:5
475 verbose stack     at /home/lebo/.nvm/versions/node/v6.1.0/lib/node_modules/npm/node_modules/graceful-fs/graceful-fs.js:78:16
475 verbose stack     at tryToString (fs.js:449:3)
475 verbose stack     at FSReqWrap.readFileAfterClose [as oncomplete] (fs.js:436:12)
476 verbose cwd /home/lebo/intervalue
477 error Linux 4.13.0-37-generic
478 error argv "/home/lebo/.nvm/versions/node/v6.1.0/bin/node" "/home/lebo/.nvm/versions/node/v6.1.0/bin/npm" "install"
479 error node v6.1.0
480 error npm  v3.8.6
481 error file /tmp/npm-20468-7c66aa6e/git-cache-f621a094/10e23ca94a78e449d6cbd585370886b57d80d19f/package.json
482 error code EJSONPARSE
483 error Failed to parse json
483 error No value found for key version at 5:14
483 error   "version": “0.2.78”,
483 error              ^
484 error File: /tmp/npm-20468-7c66aa6e/git-cache-f621a094/10e23ca94a78e449d6cbd585370886b57d80d19f/package.json
485 error Failed to parse package.json data.
485 error package.json must be actual JSON, not just JavaScript.
485 error
485 error This is not a bug in npm.
485 error Tell the package author to fix their package.json file. JSON.parse
486 verbose exit [ 1, true ]
